<?xml version="1.0" encoding="UTF-8"?>
<!-- Generated by org.testng.reporters.JUnitReportReporter -->
<testsuite hostname="HP_Rita" failures="0" tests="6" name="cucumberOptions.TestNGRunner" time="0.171" errors="0" timestamp="2023-12-20T17:12:46 IST" skipped="0">
  <testcase classname="cucumberOptions.TestNGRunner" name="runScenario" time="0.081"/>
  <testcase classname="cucumberOptions.TestNGRunner" name="runScenario" time="0.009"/>
  <testcase classname="cucumberOptions.TestNGRunner" name="runScenario" time="0.010"/>
  <testcase classname="cucumberOptions.TestNGRunner" name="runScenario" time="0.025"/>
  <testcase classname="cucumberOptions.TestNGRunner" name="runScenario" time="0.022"/>
  <testcase classname="cucumberOptions.TestNGRunner" name="runScenario" time="0.024"/>
</testsuite> <!-- cucumberOptions.TestNGRunner -->
